0 info it worked if it ends with ok
1 verbose cli [ 'C:\\Program Files\\nodejs\\node.exe',
1 verbose cli   'C:\\Program Files\\nodejs\\node_modules\\npm\\bin\\npm-cli.js',
1 verbose cli   'install',
1 verbose cli   'mongoose@6.3.0' ]
2 info using npm@2.15.1
3 info using node@v4.4.3
4 verbose install initial load of D:\3W\mytest\ngmono\package.json
5 warn package.json ngmono@1.0.0 No repository field.
6 verbose installManyTop reading scoped package data from D:\3W\mytest\ngmono\node_modules\bcryptjs\package.json
7 verbose installManyTop reading scoped package data from D:\3W\mytest\ngmono\node_modules\body-parser\package.json
8 verbose installManyTop reading scoped package data from D:\3W\mytest\ngmono\node_modules\color\package.json
9 verbose installManyTop reading scoped package data from D:\3W\mytest\ngmono\node_modules\connect-redis\package.json
10 verbose installManyTop reading scoped package data from D:\3W\mytest\ngmono\node_modules\cookie-parser\package.json
11 verbose installManyTop reading scoped package data from D:\3W\mytest\ngmono\node_modules\ejs-mate\package.json
12 verbose installManyTop reading scoped package data from D:\3W\mytest\ngmono\node_modules\errorhandler\package.json
13 verbose installManyTop reading scoped package data from D:\3W\mytest\ngmono\node_modules\eventproxy\package.json
14 verbose installManyTop reading scoped package data from D:\3W\mytest\ngmono\node_modules\express\package.json
15 verbose installManyTop reading scoped package data from D:\3W\mytest\ngmono\node_modules\express-session\package.json
16 verbose installManyTop reading scoped package data from D:\3W\mytest\ngmono\node_modules\grunt\package.json
17 verbose installManyTop reading scoped package data from D:\3W\mytest\ngmono\node_modules\grunt-bower-task\package.json
18 verbose installManyTop reading scoped package data from D:\3W\mytest\ngmono\node_modules\grunt-contrib-concat\package.json
19 verbose installManyTop reading scoped package data from D:\3W\mytest\ngmono\node_modules\ioredis\package.json
20 verbose installManyTop reading scoped package data from D:\3W\mytest\ngmono\node_modules\loader\package.json
21 verbose installManyTop reading scoped package data from D:\3W\mytest\ngmono\node_modules\loader-connect\package.json
22 verbose installManyTop reading scoped package data from D:\3W\mytest\ngmono\node_modules\lodash\package.json
23 verbose installManyTop reading scoped package data from D:\3W\mytest\ngmono\node_modules\log4js\package.json
24 verbose installManyTop reading scoped package data from D:\3W\mytest\ngmono\node_modules\method-override\package.json
25 verbose installManyTop reading scoped package data from D:\3W\mytest\ngmono\node_modules\moment\package.json
26 verbose installManyTop reading scoped package data from D:\3W\mytest\ngmono\node_modules\mongoose\package.json
27 verbose installManyTop reading scoped package data from D:\3W\mytest\ngmono\node_modules\node-uuid\package.json
28 verbose installManyTop reading scoped package data from D:\3W\mytest\ngmono\node_modules\path\package.json
29 verbose installManyTop reading scoped package data from D:\3W\mytest\ngmono\node_modules\redis\package.json
30 verbose installManyTop reading scoped package data from D:\3W\mytest\ngmono\node_modules\request\package.json
31 verbose installManyTop reading scoped package data from D:\3W\mytest\ngmono\node_modules\response-time\package.json
32 verbose installManyTop reading scoped package data from D:\3W\mytest\ngmono\node_modules\utility\package.json
33 verbose installManyTop reading scoped package data from D:\3W\mytest\ngmono\node_modules\validator\package.json
34 info package.json node-uuid@1.4.7 No license field.
35 info package.json grunt-bower-task@0.4.0 No license field.
36 info package.json path@0.12.7 path is also the name of a node core module.
37 verbose readDependencies loading dependencies from D:\3W\mytest\ngmono\package.json
38 silly cache add args [ 'mongoose@6.3.0', null ]
39 verbose cache add spec mongoose@6.3.0
40 silly cache add parsed spec Result {
40 silly cache add   raw: 'mongoose@6.3.0',
40 silly cache add   scope: null,
40 silly cache add   name: 'mongoose',
40 silly cache add   rawSpec: '6.3.0',
40 silly cache add   spec: '6.3.0',
40 silly cache add   type: 'version' }
41 silly addNamed mongoose@6.3.0
42 verbose addNamed "6.3.0" is a plain semver version for mongoose
43 silly mapToRegistry name mongoose
44 silly mapToRegistry using default registry
45 silly mapToRegistry registry https://registry.npmjs.org/
46 silly mapToRegistry data Result {
46 silly mapToRegistry   raw: 'mongoose',
46 silly mapToRegistry   scope: null,
46 silly mapToRegistry   name: 'mongoose',
46 silly mapToRegistry   rawSpec: '',
46 silly mapToRegistry   spec: 'latest',
46 silly mapToRegistry   type: 'tag' }
47 silly mapToRegistry uri https://registry.npmjs.org/mongoose
48 verbose addNameVersion registry:https://registry.npmjs.org/mongoose not in flight; fetching
49 verbose request uri https://registry.npmjs.org/mongoose
50 verbose request no auth needed
51 info attempt registry request try #1 at 18:07:37
52 verbose request id aad0caba2eeca05f
53 verbose etag W/"583e4ef9-814cc"
54 verbose lastModified Wed, 30 Nov 2016 04:00:57 GMT
55 http request GET https://registry.npmjs.org/mongoose
56 http 304 https://registry.npmjs.org/mongoose
57 verbose headers { date: 'Wed, 30 Nov 2016 10:07:44 GMT',
57 verbose headers   via: '1.1 varnish',
57 verbose headers   'cache-control': 'max-age=300',
57 verbose headers   etag: 'W/"583e4ef9-814cc"',
57 verbose headers   age: '98',
57 verbose headers   connection: 'keep-alive',
57 verbose headers   'x-served-by': 'cache-lax8638-LAX',
57 verbose headers   'x-cache': 'HIT',
57 verbose headers   'x-cache-hits': '1',
57 verbose headers   'x-timer': 'S1480500464.426024,VS0,VE0',
57 verbose headers   vary: 'Accept-Encoding' }
58 silly get cb [ 304,
58 silly get   { date: 'Wed, 30 Nov 2016 10:07:44 GMT',
58 silly get     via: '1.1 varnish',
58 silly get     'cache-control': 'max-age=300',
58 silly get     etag: 'W/"583e4ef9-814cc"',
58 silly get     age: '98',
58 silly get     connection: 'keep-alive',
58 silly get     'x-served-by': 'cache-lax8638-LAX',
58 silly get     'x-cache': 'HIT',
58 silly get     'x-cache-hits': '1',
58 silly get     'x-timer': 'S1480500464.426024,VS0,VE0',
58 silly get     vary: 'Accept-Encoding' } ]
59 verbose etag https://registry.npmjs.org/mongoose from cache
60 verbose get saving mongoose to C:\Users\Administrator\AppData\Roaming\npm-cache\registry.npmjs.org\mongoose\.cache.json
61 verbose correctMkdir C:\Users\Administrator\AppData\Roaming\npm-cache correctMkdir not in flight; initializing
62 verbose stack Error: version not found: mongoose@6.3.0
62 verbose stack     at setData (C:\Program Files\nodejs\node_modules\npm\lib\cache\add-named.js:137:12)
62 verbose stack     at RES (C:\Program Files\nodejs\node_modules\npm\node_modules\inflight\inflight.js:23:14)
62 verbose stack     at f (C:\Program Files\nodejs\node_modules\npm\node_modules\once\once.js:17:25)
62 verbose stack     at fixName (C:\Program Files\nodejs\node_modules\npm\lib\cache\add-named.js:29:5)
62 verbose stack     at saved (C:\Program Files\nodejs\node_modules\npm\lib\cache\caching-client.js:173:7)
62 verbose stack     at C:\Program Files\nodejs\node_modules\npm\node_modules\graceful-fs\polyfills.js:210:7
62 verbose stack     at FSReqWrap.oncomplete (fs.js:82:15)
63 verbose statusCode 404
64 verbose cwd D:\3W\mytest\ngmono
65 error Windows_NT 6.1.7601
66 error argv "C:\\Program Files\\nodejs\\node.exe" "C:\\Program Files\\nodejs\\node_modules\\npm\\bin\\npm-cli.js" "install" "mongoose@6.3.0"
67 error node v4.4.3
68 error npm  v2.15.1
69 error version not found: mongoose@6.3.0
70 error If you need help, you may report this error at:
70 error     <https://github.com/npm/npm/issues>
71 verbose exit [ 1, true ]
